Using pre-set license
Built from '2020.3/staging' branch; Version is '2020.3.11f1 (99c7afb366b3) revision 10078127'; Using compiler version '192528614'; Build Type 'Release'
OS: 'Windows 10 Home; OS build 19042.1052; Version 2009; 64bit' Language: 'ko' Physical Memory: 16303 MB
BatchMode: 1, IsHumanControllingUs: 0, StartBugReporterOnCrash: 0, Is64bit: 1, IsPro: 0

 COMMAND LINE ARGUMENTS:
C:\Program Files\Unity\Hub\Editor\2020.3.11f1\Editor\Unity.exe
-adb2
-batchMode
-noUpm
-name
AssetImportWorker0
-projectPath
C:/Users/USER/OneDrive/문서/nail4
-logFile
Logs/AssetImportWorker0.log
-srvPort
9816
Successfully changed project path to: C:/Users/USER/OneDrive/문서/nail4
C:/Users/USER/OneDrive/문서/nail4
Using Asset Import Pipeline V2.
Refreshing native plugins compatible for Editor in 98.12 ms, found 3 plugins.
Preloading 0 native plugins for Editor in 0.00 ms.
Initialize engine version: 2020.3.11f1 (99c7afb366b3)
[Subsystems] Discovering subsystems at path C:/Program Files/Unity/Hub/Editor/2020.3.11f1/Editor/Data/Resources/UnitySubsystems
[Subsystems] Discovering subsystems at path C:/Users/USER/OneDrive/문서/nail4/Assets
GfxDevice: creating device client; threaded=0
Direct3D:
    Version:  Direct3D 11.0 [level 11.1]
    Renderer: NVIDIA GeForce RTX 2060 (ID=0x1f51)
    Vendor:   
    VRAM:     5980 MB
    Driver:   26.21.14.3162
Initialize mono
Mono path[0] = 'C:/Program Files/Unity/Hub/Editor/2020.3.11f1/Editor/Data/Managed'
Mono path[1] = 'C:/Program Files/Unity/Hub/Editor/2020.3.11f1/Editor/Data/MonoBleedingEdge/lib/mono/unityjit'
Mono config path = 'C:/Program Files/Unity/Hub/Editor/2020.3.11f1/Editor/Data/MonoBleedingEdge/etc'
Using monoOptions --debugger-agent=transport=dt_socket,embedding=1,server=y,suspend=n,address=127.0.0.1:56104
Begin MonoManager ReloadAssembly
Registering precompiled unity dll's ...
Register platform support module: C:/Program Files/Unity/Hub/Editor/2020.3.11f1/Editor/Data/PlaybackEngines/WindowsStandaloneSupport/UnityEditor.WindowsStandalone.Extensions.dll
Registered in 0.004267 seconds.
Native extension for WindowsStandalone target not found
Refreshing native plugins compatible for Editor in 113.00 ms, found 3 plugins.
Preloading 0 native plugins for Editor in 0.00 ms.
Mono: successfully reloaded assembly
- Completed reload, in  4.779 seconds
Platform modules already initialized, skipping
Registering precompiled user dll's ...
Registered in 0.013585 seconds.
Begin MonoManager ReloadAssembly
Native extension for WindowsStandalone target not found
Refreshing native plugins compatible for Editor in 108.19 ms, found 3 plugins.
Preloading 0 native plugins for Editor in 0.00 ms.
Mono: successfully reloaded assembly
- Completed reload, in  3.242 seconds
Platform modules already initialized, skipping
========================================================================
Worker process is ready to serve import requests
Launched and connected shader compiler UnityShaderCompiler.exe after 0.12 seconds
Refreshing native plugins compatible for Editor in 0.97 ms, found 3 plugins.
Preloading 0 native plugins for Editor in 0.00 ms.
Unloading 2089 Unused Serialized files (Serialized files now loaded: 0)
System memory in use before: 93.0 MB.
System memory in use after: 93.1 MB.

Unloading 28 unused Assets to reduce memory usage. Loaded Objects now: 2528.
Total: 3.085100 ms (FindLiveObjects: 0.216200 ms CreateObjectMapping: 0.149500 ms MarkObjects: 2.626100 ms  DeleteObjects: 0.091800 ms)

========================================================================
Received Import Request.
  path: Assets/Scripts/PlayerMove.cs
  artifactKey: Guid(a087900ed9bfbbb4bae375db78fa7f9a) Importer(815301076,1909f56bfc062723c751e8b465ee728b)
Start importing Assets/Scripts/PlayerMove.cs using Guid(a087900ed9bfbbb4bae375db78fa7f9a) Importer(815301076,1909f56bfc062723c751e8b465ee728b)  -> (artifact id: 'cfbe8eadde6e8aa8c46f3cfe409c893a') in 0.081391 seconds
  Import took 0.091483 seconds .

========================================================================
Received Import Request.
  Time since last request: 52.779694 seconds.
  path: Assets/Scripts/PlayerMove.cs
  artifactKey: Guid(a087900ed9bfbbb4bae375db78fa7f9a) Importer(815301076,1909f56bfc062723c751e8b465ee728b)
Start importing Assets/Scripts/PlayerMove.cs using Guid(a087900ed9bfbbb4bae375db78fa7f9a) Importer(815301076,1909f56bfc062723c751e8b465ee728b)  -> (artifact id: '4554ebb824ec8c8f37c6956ea41a0e02') in 0.007369 seconds
  Import took 0.019427 seconds .

========================================================================
Received Import Request.
  Time since last request: 59.304078 seconds.
  path: Assets/Scripts/PlayerMove.cs
  artifactKey: Guid(a087900ed9bfbbb4bae375db78fa7f9a) Importer(815301076,1909f56bfc062723c751e8b465ee728b)
Start importing Assets/Scripts/PlayerMove.cs using Guid(a087900ed9bfbbb4bae375db78fa7f9a) Importer(815301076,1909f56bfc062723c751e8b465ee728b)  -> (artifact id: '2ae4f81bb95ab4dd4ed327c4283e8796') in 0.039165 seconds
  Import took 0.077882 seconds .

========================================================================
Received Import Request.
  Time since last request: 46.710211 seconds.
  path: Assets/Scripts/PlayerMove.cs
  artifactKey: Guid(a087900ed9bfbbb4bae375db78fa7f9a) Importer(815301076,1909f56bfc062723c751e8b465ee728b)
Start importing Assets/Scripts/PlayerMove.cs using Guid(a087900ed9bfbbb4bae375db78fa7f9a) Importer(815301076,1909f56bfc062723c751e8b465ee728b)  -> (artifact id: '459a87b7e4cf52137bc2cd56adaaf37f') in 0.066006 seconds
  Import took 0.140719 seconds .

========================================================================
Received Prepare
Registering precompiled user dll's ...
Registered in 0.100058 seconds.
Begin MonoManager ReloadAssembly
Native extension for WindowsStandalone target not found
Refreshing native plugins compatible for Editor in 0.97 ms, found 3 plugins.
Preloading 0 native plugins for Editor in 0.00 ms.
Mono: successfully reloaded assembly
- Completed reload, in  3.387 seconds
Platform modules already initialized, skipping
Switching build target platform(19) subTarget(0) extendedPlatform(0) -> platform(13) subTarget(537395200) extendedPlatform(0)
Refreshing native plugins compatible for Editor in 0.89 ms, found 3 plugins.
Preloading 0 native plugins for Editor in 0.00 ms.
Unloading 2082 Unused Serialized files (Serialized files now loaded: 0)
System memory in use before: 92.4 MB.
System memory in use after: 92.6 MB.

Unloading 17 unused Assets to reduce memory usage. Loaded Objects now: 2531.
Total: 4.751600 ms (FindLiveObjects: 0.412200 ms CreateObjectMapping: 0.210400 ms MarkObjects: 4.077600 ms  DeleteObjects: 0.048600 ms)

AssetImportParameters requested are different than current active one (requested -> active):
  custom:graphics/normal-map-encoding: 01000000000000000000000000000000 -> 02000000000000000000000000000000
========================================================================
Received Import Request.
  Time since last request: 26.251219 seconds.
  path: Assets/Scripts/PlayerMove.cs
  artifactKey: Guid(a087900ed9bfbbb4bae375db78fa7f9a) Importer(815301076,1909f56bfc062723c751e8b465ee728b)
Start importing Assets/Scripts/PlayerMove.cs using Guid(a087900ed9bfbbb4bae375db78fa7f9a) Importer(815301076,1909f56bfc062723c751e8b465ee728b)  -> (artifact id: 'b0543d41a259c1389f10e0d7abc1ec83') in 0.013960 seconds
  Import took 0.028964 seconds .

========================================================================
Received Prepare
Registering precompiled user dll's ...
Registered in 0.011709 seconds.
Begin MonoManager ReloadAssembly
Native extension for WindowsStandalone target not found
Refreshing native plugins compatible for Editor in 2.24 ms, found 3 plugins.
Preloading 0 native plugins for Editor in 0.00 ms.
Mono: successfully reloaded assembly
- Completed reload, in  3.851 seconds
Platform modules already initialized, skipping
Switching build target platform(19) subTarget(0) extendedPlatform(0) -> platform(13) subTarget(537395200) extendedPlatform(0)
Refreshing native plugins compatible for Editor in 1.50 ms, found 3 plugins.
Preloading 0 native plugins for Editor in 0.00 ms.
Unloading 2082 Unused Serialized files (Serialized files now loaded: 0)
System memory in use before: 92.5 MB.
System memory in use after: 92.6 MB.

Unloading 17 unused Assets to reduce memory usage. Loaded Objects now: 2534.
Total: 5.041500 ms (FindLiveObjects: 0.288000 ms CreateObjectMapping: 0.143000 ms MarkObjects: 4.537700 ms  DeleteObjects: 0.070900 ms)

AssetImportParameters requested are different than current active one (requested -> active):
  custom:graphics/normal-map-encoding: 01000000000000000000000000000000 -> 02000000000000000000000000000000
========================================================================
Received Prepare
Registering precompiled user dll's ...
Registered in 0.015090 seconds.
Begin MonoManager ReloadAssembly
Native extension for WindowsStandalone target not found
Refreshing native plugins compatible for Editor in 0.92 ms, found 3 plugins.
Preloading 0 native plugins for Editor in 0.00 ms.
Mono: successfully reloaded assembly
- Completed reload, in  3.298 seconds
Platform modules already initialized, skipping
Switching build target platform(19) subTarget(0) extendedPlatform(0) -> platform(13) subTarget(537395200) extendedPlatform(0)
Refreshing native plugins compatible for Editor in 0.63 ms, found 3 plugins.
Preloading 0 native plugins for Editor in 0.00 ms.
Unloading 2082 Unused Serialized files (Serialized files now loaded: 0)
System memory in use before: 92.5 MB.
System memory in use after: 92.6 MB.

Unloading 17 unused Assets to reduce memory usage. Loaded Objects now: 2537.
Total: 3.409300 ms (FindLiveObjects: 0.348400 ms CreateObjectMapping: 0.150100 ms MarkObjects: 2.838200 ms  DeleteObjects: 0.071200 ms)

AssetImportParameters requested are different than current active one (requested -> active):
  custom:graphics/normal-map-encoding: 01000000000000000000000000000000 -> 02000000000000000000000000000000
========================================================================
Received Prepare
Registering precompiled user dll's ...
Registered in 0.015974 seconds.
Begin MonoManager ReloadAssembly
Native extension for WindowsStandalone target not found
Refreshing native plugins compatible for Editor in 0.97 ms, found 3 plugins.
Preloading 0 native plugins for Editor in 0.00 ms.
Mono: successfully reloaded assembly
- Completed reload, in  3.416 seconds
Platform modules already initialized, skipping
Switching build target platform(19) subTarget(0) extendedPlatform(0) -> platform(13) subTarget(537395200) extendedPlatform(0)
Refreshing native plugins compatible for Editor in 0.73 ms, found 3 plugins.
Preloading 0 native plugins for Editor in 0.00 ms.
Unloading 2082 Unused Serialized files (Serialized files now loaded: 0)
System memory in use before: 92.5 MB.
System memory in use after: 92.6 MB.

Unloading 17 unused Assets to reduce memory usage. Loaded Objects now: 2540.
Total: 3.704100 ms (FindLiveObjects: 0.210900 ms CreateObjectMapping: 0.100200 ms MarkObjects: 3.342400 ms  DeleteObjects: 0.048900 ms)

AssetImportParameters requested are different than current active one (requested -> active):
  custom:graphics/normal-map-encoding: 01000000000000000000000000000000 -> 02000000000000000000000000000000
========================================================================
Received Prepare
Registering precompiled user dll's ...
Registered in 0.010507 seconds.
Begin MonoManager ReloadAssembly
Native extension for WindowsStandalone target not found
Refreshing native plugins compatible for Editor in 0.61 ms, found 3 plugins.
Preloading 0 native plugins for Editor in 0.00 ms.
Mono: successfully reloaded assembly
- Completed reload, in  3.116 seconds
Platform modules already initialized, skipping
Switching build target platform(19) subTarget(0) extendedPlatform(0) -> platform(13) subTarget(537395200) extendedPlatform(0)
Refreshing native plugins compatible for Editor in 1.37 ms, found 3 plugins.
Preloading 0 native plugins for Editor in 0.00 ms.
Unloading 2082 Unused Serialized files (Serialized files now loaded: 0)
System memory in use before: 92.5 MB.
System memory in use after: 92.7 MB.

Unloading 17 unused Assets to reduce memory usage. Loaded Objects now: 2543.
Total: 7.996900 ms (FindLiveObjects: 0.516800 ms CreateObjectMapping: 0.336900 ms MarkObjects: 7.070900 ms  DeleteObjects: 0.069000 ms)

AssetImportParameters requested are different than current active one (requested -> active):
  custom:graphics/normal-map-encoding: 01000000000000000000000000000000 -> 02000000000000000000000000000000
========================================================================
Received Prepare
Registering precompiled user dll's ...
Registered in 0.014164 seconds.
Begin MonoManager ReloadAssembly
Native extension for WindowsStandalone target not found
Refreshing native plugins compatible for Editor in 0.86 ms, found 3 plugins.
Preloading 0 native plugins for Editor in 0.00 ms.
Mono: successfully reloaded assembly
- Completed reload, in  3.019 seconds
Platform modules already initialized, skipping
Switching build target platform(19) subTarget(0) extendedPlatform(0) -> platform(13) subTarget(537395200) extendedPlatform(0)
Refreshing native plugins compatible for Editor in 0.99 ms, found 3 plugins.
Preloading 0 native plugins for Editor in 0.00 ms.
Unloading 2082 Unused Serialized files (Serialized files now loaded: 0)
System memory in use before: 92.5 MB.
System memory in use after: 92.7 MB.

Unloading 17 unused Assets to reduce memory usage. Loaded Objects now: 2546.
Total: 5.476600 ms (FindLiveObjects: 0.288200 ms CreateObjectMapping: 0.250000 ms MarkObjects: 4.861500 ms  DeleteObjects: 0.075200 ms)

AssetImportParameters requested are different than current active one (requested -> active):
  custom:graphics/normal-map-encoding: 01000000000000000000000000000000 -> 02000000000000000000000000000000
========================================================================
Received Prepare
Registering precompiled user dll's ...
Registered in 0.008883 seconds.
Begin MonoManager ReloadAssembly
Native extension for WindowsStandalone target not found
Refreshing native plugins compatible for Editor in 1.63 ms, found 3 plugins.
Preloading 0 native plugins for Editor in 0.00 ms.
Mono: successfully reloaded assembly
- Completed reload, in  2.963 seconds
Platform modules already initialized, skipping
Switching build target platform(19) subTarget(0) extendedPlatform(0) -> platform(13) subTarget(537395200) extendedPlatform(0)
Refreshing native plugins compatible for Editor in 1.11 ms, found 3 plugins.
Preloading 0 native plugins for Editor in 0.00 ms.
Unloading 2082 Unused Serialized files (Serialized files now loaded: 0)
System memory in use before: 92.6 MB.
System memory in use after: 92.7 MB.

Unloading 17 unused Assets to reduce memory usage. Loaded Objects now: 2549.
Total: 5.129900 ms (FindLiveObjects: 0.615400 ms CreateObjectMapping: 0.206300 ms MarkObjects: 4.264100 ms  DeleteObjects: 0.041500 ms)

AssetImportParameters requested are different than current active one (requested -> active):
  custom:graphics/normal-map-encoding: 01000000000000000000000000000000 -> 02000000000000000000000000000000
========================================================================
Received Import Request.
  Time since last request: 749.765207 seconds.
  path: Assets/Sprite/Sprite-0003-sheet_0.controller
  artifactKey: Guid(46bcb61ddf292ab4093e030130257f7d) Importer(815301076,1909f56bfc062723c751e8b465ee728b)
Start importing Assets/Sprite/Sprite-0003-sheet_0.controller using Guid(46bcb61ddf292ab4093e030130257f7d) Importer(815301076,1909f56bfc062723c751e8b465ee728b)  -> (artifact id: '2d6629f36eb7873eefebe1e55ce408c0') in 0.051757 seconds
  Import took 0.068612 seconds .

========================================================================
Received Import Request.
  Time since last request: 145.132761 seconds.
  path: Assets/Sprite/Sprite-0003-sheet.png
  artifactKey: Guid(c6f101d103cfb2e4b9dee30b0ec16c54) Importer(815301076,1909f56bfc062723c751e8b465ee728b)
Start importing Assets/Sprite/Sprite-0003-sheet.png using Guid(c6f101d103cfb2e4b9dee30b0ec16c54) Importer(815301076,1909f56bfc062723c751e8b465ee728b)  -> (artifact id: 'bbbbb86ac95b3d55a69321b79844ae53') in 0.459340 seconds
  Import took 0.469760 seconds .

AssetImportWorkerClient::OnTransportError - code=2 error=End of file
